#
# There is insufficient memory for the Java Runtime Environment to continue.
# Native memory allocation (malloc) failed to allocate 32744 bytes for ChunkPool::allocate
# Possible reasons:
#   The system is out of physical RAM or swap space
#   In 32 bit mode, the process size limit was hit
# Possible solutions:
#   Reduce memory load on the system
#   Increase physical memory or swap space
#   Check if swap backing store is full
#   Use 64 bit Java on a 64 bit OS
#   Decrease Java heap size (-Xmx/-Xms)
#   Decrease number of Java threads
#   Decrease Java thread stack sizes (-Xss)
#   Set larger code cache with -XX:ReservedCodeCacheSize=
# This output file may be truncated or incomplete.
#
#  Out of Memory Error (allocation.cpp:273), pid=1812, tid=0x0000000000001754
#
# JRE version: OpenJDK Runtime Environment (8.0_152-b01) (build 1.8.0_152-release-915-b01)
# Java VM: OpenJDK 64-Bit Server VM (25.152-b01 mixed mode windows-amd64 compressed oops)
# Failed to write core dump. Minidumps are not enabled by default on client versions of Windows
#

---------------  T H R E A D  ---------------

Current thread (0x0000000014768000):  JavaThread "C2 CompilerThread0" daemon [_thread_in_native, id=5972, stack(0x0000000015dd0000,0x0000000015ed0000)]

Stack: [0x0000000015dd0000,0x0000000015ed0000]
[error occurred during error reporting (printing stack bounds), id 0xc0000005]

Native frames: (J=compiled Java code, j=interpreted, Vv=VM code, C=native code)


Current CompileTask:
C2:  25252 2133       4       groovy.lang.MetaClassImpl$1MOPIter::methodNameAction (479 bytes)


---------------  P R O C E S S  ---------------

Java Threads: ( => current thread )
  0x00000000167c3800 JavaThread "Cache worker for file hash cache (C:\Users\cristhianalejandro\Desktop\poo-en-android\.gradle\4.1\fileHashes)" [_thread_blocked, id=4016, stack(0x000000001a250000,0x000000001a350000)]
  0x0000000016b05000 JavaThread "File lock request listener" [_thread_in_native, id=6988, stack(0x0000000018f80000,0x0000000019080000)]
  0x000000001636b000 JavaThread "Cache worker for file hash cache (C:\Users\cristhianalejandro\.gradle\caches\4.1\fileHashes)" [_thread_blocked, id=6012, stack(0x0000000018e80000,0x0000000018f80000)]
  0x00000000161d4800 JavaThread "Stdin handler" [_thread_blocked, id=2480, stack(0x0000000018d80000,0x0000000018e80000)]
  0x000000001752a800 JavaThread "Asynchronous log dispatcher for DefaultDaemonConnection: socket connection from /127.0.0.1:59200 to /127.0.0.1:59210" [_thread_blocked, id=6096, stack(0x0000000018c80000,0x0000000018d80000)]
  0x0000000017528800 JavaThread "Daemon worker" [_thread_in_vm, id=5644, stack(0x0000000018b80000,0x0000000018c80000)]
  0x0000000016ae0800 JavaThread "Cancel handler" [_thread_blocked, id=3556, stack(0x0000000018a80000,0x0000000018b80000)]
  0x0000000016218000 JavaThread "Handler for socket connection from /127.0.0.1:59200 to /127.0.0.1:59210" [_thread_in_native, id=3164, stack(0x0000000018780000,0x0000000018880000)]
  0x00000000169be800 JavaThread "Daemon" [_thread_blocked, id=5892, stack(0x0000000018680000,0x0000000018780000)]
  0x00000000175ef800 JavaThread "Daemon periodic checks" [_thread_blocked, id=4104, stack(0x0000000018580000,0x0000000018680000)]
  0x0000000016823800 JavaThread "Incoming local TCP Connector on port 59200" [_thread_in_native, id=1648, stack(0x0000000018380000,0x0000000018480000)]
  0x00000000147ce800 JavaThread "Service Thread" daemon [_thread_blocked, id=4904, stack(0x00000000164d0000,0x00000000165d0000)]
  0x0000000014770800 JavaThread "C1 CompilerThread2" daemon [_thread_blocked, id=552, stack(0x0000000015fd0000,0x00000000160d0000)]
  0x000000001476b000 JavaThread "C2 CompilerThread1" daemon [_thread_in_native, id=7380, stack(0x0000000015ed0000,0x0000000015fd0000)]
=>0x0000000014768000 JavaThread "C2 CompilerThread0" daemon [_thread_in_native, id=5972, stack(0x0000000015dd0000,0x0000000015ed0000)]
  0x0000000014776800 JavaThread "Attach Listener" daemon [_thread_blocked, id=2424, stack(0x0000000015cd0000,0x0000000015dd0000)]
  0x0000000014775800 JavaThread "Signal Dispatcher" daemon [_thread_blocked, id=5004, stack(0x0000000015bd0000,0x0000000015cd0000)]
  0x000000000209c000 JavaThread "Finalizer" daemon [_thread_blocked, id=5152, stack(0x00000000159d0000,0x0000000015ad0000)]
  0x0000000002091800 JavaThread "Reference Handler" daemon [_thread_blocked, id=6436, stack(0x00000000158d0000,0x00000000159d0000)]
  0x000000000065e800 JavaThread "main" [_thread_blocked, id=200, stack(0x0000000001ea0000,0x0000000001fa0000)]

Other Threads:
  0x0000000014734800 VMThread [stack: 0x00000000157d0000,0x00000000158d0000] [id=7976]
  0x00000000160ee800 WatcherThread [stack: 0x00000000165d0000,0x00000000166d0000] [id=3292]

VM state:not at safepoint (normal execution)

VM Mutex/Monitor currently owned by a thread: None

Heap:
 PSYoungGen      total 50176K, used 19075K [0x00000000eab00000, 0x00000000ee500000, 0x0000000100000000)
  eden space 41984K, 33% used [0x00000000eab00000,0x00000000eb8d7830,0x00000000ed400000)
  from space 8192K, 59% used [0x00000000edd00000,0x00000000ee1c95f0,0x00000000ee500000)
  to   space 8704K, 0% used [0x00000000ed400000,0x00000000ed400000,0x00000000edc80000)
 ParOldGen       total 35328K, used 6627K [0x00000000c0000000, 0x00000000c2280000, 0x00000000eab00000)
  object space 35328K, 18% used [0x00000000c0000000,0x00000000c0678d60,0x00000000c2280000)
 Metaspace       used 25104K, capacity 25612K, committed 25728K, reserved 1071104K
  class space    used 3484K, capacity 3668K, committed 3712K, reserved 1048576K

Card table byte_map: [0x0000000011460000,0x0000000011670000] byte_map_base: 0x0000000010e60000

Marking Bits: (ParMarkBitMap*) 0x000000006f4f3950
 Begin Bits: [0x0000000011bd0000, 0x0000000012bd0000)
 End Bits:   [0x0000000012bd0000, 0x0000000013bd0000)

Polling page: 0x0000000000640000

CodeCache: size=245760Kb used=8216Kb max_used=8216Kb free=237543Kb
 bounds [0x00000000020a0000, 0x00000000028b0000, 0x00000000110a0000]
 total_blobs=2756 nmethods=2125 adapters=544
 compilation: enabled

Compilation events (10 events):
Event: 25.199 Thread 0x0000000014770800 2264       3       java.net.URL::openConnection (9 bytes)
Event: 25.199 Thread 0x0000000014770800 nmethod 2264 0x000000000289ed10 code [0x000000000289ee80, 0x000000000289f0a8]
Event: 25.199 Thread 0x0000000014770800 2265       3       java.net.URLConnection::<init> (44 bytes)
Event: 25.199 Thread 0x0000000014770800 nmethod 2265 0x00000000028a4f90 code [0x00000000028a5100, 0x00000000028a5310]
Event: 25.200 Thread 0x0000000014770800 2266       3       org.objectweb.asm.MethodVisitor::<init> (35 bytes)
Event: 25.200 Thread 0x0000000014770800 nmethod 2266 0x00000000028a53d0 code [0x00000000028a5540, 0x00000000028a5848]
Event: 25.200 Thread 0x0000000014770800 2267       3       org.objectweb.asm.MethodWriter::visitEnd (1 bytes)
Event: 25.200 Thread 0x0000000014770800 nmethod 2267 0x00000000028a5950 code [0x00000000028a5aa0, 0x00000000028a5bf0]
Event: 25.200 Thread 0x0000000014770800 2268       3       org.objectweb.asm.MethodWriter::put (1602 bytes)
Event: 25.207 Thread 0x0000000014770800 nmethod 2268 0x00000000028a5c90 code [0x00000000028a6540, 0x00000000028a9fb8]

GC Heap History (10 events):
Event: 21.208 GC heap before
{Heap before GC invocations=5 (full 0):
 PSYoungGen      total 28672K, used 28640K [0x00000000eab00000, 0x00000000ecb00000, 0x0000000100000000)
  eden space 24576K, 100% used [0x00000000eab00000,0x00000000ec300000,0x00000000ec300000)
  from space 4096K, 99% used [0x00000000ec700000,0x00000000ecaf8020,0x00000000ecb00000)
  to   space 4096K, 0% used [0x00000000ec300000,0x00000000ec300000,0x00000000ec700000)
 ParOldGen       total 65536K, used 4821K [0x00000000c0000000, 0x00000000c4000000, 0x00000000eab00000)
  object space 65536K, 7% used [0x00000000c0000000,0x00000000c04b5640,0x00000000c4000000)
 Metaspace       used 18810K, capacity 19316K, committed 19456K, reserved 1067008K
  class space    used 2630K, capacity 2816K, committed 2816K, reserved 1048576K
Event: 21.218 GC heap after
Heap after GC invocations=5 (full 0):
 PSYoungGen      total 28160K, used 4080K [0x00000000eab00000, 0x00000000ed480000, 0x0000000100000000)
  eden space 24064K, 0% used [0x00000000eab00000,0x00000000eab00000,0x00000000ec280000)
  from space 4096K, 99% used [0x00000000ec300000,0x00000000ec6fc010,0x00000000ec700000)
  to   space 9216K, 0% used [0x00000000ecb80000,0x00000000ecb80000,0x00000000ed480000)
 ParOldGen       total 65536K, used 8390K [0x00000000c0000000, 0x00000000c4000000, 0x00000000eab00000)
  object space 65536K, 12% used [0x00000000c0000000,0x00000000c08319f8,0x00000000c4000000)
 Metaspace       used 18810K, capacity 19316K, committed 19456K, reserved 1067008K
  class space    used 2630K, capacity 2816K, committed 2816K, reserved 1048576K
}
Event: 22.586 GC heap before
{Heap before GC invocations=6 (full 0):
 PSYoungGen      total 28160K, used 8809K [0x00000000eab00000, 0x00000000ed480000, 0x0000000100000000)
  eden space 24064K, 19% used [0x00000000eab00000,0x00000000eaf9e7d0,0x00000000ec280000)
  from space 4096K, 99% used [0x00000000ec300000,0x00000000ec6fc010,0x00000000ec700000)
  to   space 9216K, 0% used [0x00000000ecb80000,0x00000000ecb80000,0x00000000ed480000)
 ParOldGen       total 65536K, used 8390K [0x00000000c0000000, 0x00000000c4000000, 0x00000000eab00000)
  object space 65536K, 12% used [0x00000000c0000000,0x00000000c08319f8,0x00000000c4000000)
 Metaspace       used 20643K, capacity 21108K, committed 21248K, reserved 1067008K
  class space    used 2844K, capacity 3008K, committed 3072K, reserved 1048576K
Event: 22.594 GC heap after
Heap after GC invocations=6 (full 0):
 PSYoungGen      total 31232K, used 5078K [0x00000000eab00000, 0x00000000ed300000, 0x0000000100000000)
  eden space 23552K, 0% used [0x00000000eab00000,0x00000000eab00000,0x00000000ec200000)
  from space 7680K, 66% used [0x00000000ecb80000,0x00000000ed075be0,0x00000000ed300000)
  to   space 8704K, 0% used [0x00000000ec200000,0x00000000ec200000,0x00000000eca80000)
 ParOldGen       total 65536K, used 8398K [0x00000000c0000000, 0x00000000c4000000, 0x00000000eab00000)
  object space 65536K, 12% used [0x00000000c0000000,0x00000000c08339f8,0x00000000c4000000)
 Metaspace       used 20643K, capacity 21108K, committed 21248K, reserved 1067008K
  class space    used 2844K, capacity 3008K, committed 3072K, reserved 1048576K
}
Event: 22.594 GC heap before
{Heap before GC invocations=7 (full 1):
 PSYoungGen      total 31232K, used 5078K [0x00000000eab00000, 0x00000000ed300000, 0x0000000100000000)
  eden space 23552K, 0% used [0x00000000eab00000,0x00000000eab00000,0x00000000ec200000)
  from space 7680K, 66% used [0x00000000ecb80000,0x00000000ed075be0,0x00000000ed300000)
  to   space 8704K, 0% used [0x00000000ec200000,0x00000000ec200000,0x00000000eca80000)
 ParOldGen       total 65536K, used 8398K [0x00000000c0000000, 0x00000000c4000000, 0x00000000eab00000)
  object space 65536K, 12% used [0x00000000c0000000,0x00000000c08339f8,0x00000000c4000000)
 Metaspace       used 20643K, capacity 21108K, committed 21248K, reserved 1067008K
  class space    used 2844K, capacity 3008K, committed 3072K, reserved 1048576K
Event: 22.654 GC heap after
Heap after GC invocations=7 (full 1):
 PSYoungGen      total 31232K, used 0K [0x00000000eab00000, 0x00000000ed300000, 0x0000000100000000)
  eden space 23552K, 0% used [0x00000000eab00000,0x00000000eab00000,0x00000000ec200000)
  from space 7680K, 0% used [0x00000000ecb80000,0x00000000ecb80000,0x00000000ed300000)
  to   space 8704K, 0% used [0x00000000ec200000,0x00000000ec200000,0x00000000eca80000)
 ParOldGen       total 35328K, used 6619K [0x00000000c0000000, 0x00000000c2280000, 0x00000000eab00000)
  object space 35328K, 18% used [0x00000000c0000000,0x00000000c0676d60,0x00000000c2280000)
 Metaspace       used 20643K, capacity 21108K, committed 21248K, reserved 1067008K
  class space    used 2844K, capacity 3008K, committed 3072K, reserved 1048576K
}
Event: 24.248 GC heap before
{Heap before GC invocations=8 (full 1):
 PSYoungGen      total 31232K, used 23552K [0x00000000eab00000, 0x00000000ed300000, 0x0000000100000000)
  eden space 23552K, 100% used [0x00000000eab00000,0x00000000ec200000,0x00000000ec200000)
  from space 7680K, 0% used [0x00000000ecb80000,0x00000000ecb80000,0x00000000ed300000)
  to   space 8704K, 0% used [0x00000000ec200000,0x00000000ec200000,0x00000000eca80000)
 ParOldGen       total 35328K, used 6619K [0x00000000c0000000, 0x00000000c2280000, 0x00000000eab00000)
  object space 35328K, 18% used [0x00000000c0000000,0x00000000c0676d60,0x00000000c2280000)
 Metaspace       used 22653K, capacity 23140K, committed 23552K, reserved 1069056K
  class space    used 3051K, capacity 3210K, committed 3328K, reserved 1048576K
Event: 24.287 GC heap after
Heap after GC invocations=8 (full 1):
 PSYoungGen      total 32256K, used 2824K [0x00000000eab00000, 0x00000000ee600000, 0x0000000100000000)
  eden space 23552K, 0% used [0x00000000eab00000,0x00000000eab00000,0x00000000ec200000)
  from space 8704K, 32% used [0x00000000ec200000,0x00000000ec4c2288,0x00000000eca80000)
  to   space 9216K, 0% used [0x00000000edd00000,0x00000000edd00000,0x00000000ee600000)
 ParOldGen       total 35328K, used 6619K [0x00000000c0000000, 0x00000000c2280000, 0x00000000eab00000)
  object space 35328K, 18% used [0x00000000c0000000,0x00000000c0676d60,0x00000000c2280000)
 Metaspace       used 22653K, capacity 23140K, committed 23552K, reserved 1069056K
  class space    used 3051K, capacity 3210K, committed 3328K, reserved 1048576K
}
Event: 24.984 GC heap before
{Heap before GC invocations=9 (full 1):
 PSYoungGen      total 32256K, used 26376K [0x00000000eab00000, 0x00000000ee600000, 0x0000000100000000)
  eden space 23552K, 100% used [0x00000000eab00000,0x00000000ec200000,0x00000000ec200000)
  from space 8704K, 32% used [0x00000000ec200000,0x00000000ec4c2288,0x00000000eca80000)
  to   space 9216K, 0% used [0x00000000edd00000,0x00000000edd00000,0x00000000ee600000)
 ParOldGen       total 35328K, used 6619K [0x00000000c0000000, 0x00000000c2280000, 0x00000000eab00000)
  object space 35328K, 18% used [0x00000000c0000000,0x00000000c0676d60,0x00000000c2280000)
 Metaspace       used 24538K, capacity 25094K, committed 25344K, reserved 1071104K
  class space    used 3374K, capacity 3539K, committed 3584K, reserved 1048576K
Event: 24.992 GC heap after
Heap after GC invocations=9 (full 1):
 PSYoungGen      total 50176K, used 4901K [0x00000000eab00000, 0x00000000ee500000, 0x0000000100000000)
  eden space 41984K, 0% used [0x00000000eab00000,0x00000000eab00000,0x00000000ed400000)
  from space 8192K, 59% used [0x00000000edd00000,0x00000000ee1c95f0,0x00000000ee500000)
  to   space 8704K, 0% used [0x00000000ed400000,0x00000000ed400000,0x00000000edc80000)
 ParOldGen       total 35328K, used 6627K [0x00000000c0000000, 0x00000000c2280000, 0x00000000eab00000)
  object space 35328K, 18% used [0x00000000c0000000,0x00000000c0678d60,0x00000000c2280000)
 Metaspace       used 24538K, capacity 25094K, committed 25344K, reserved 1071104K
  class space    used 3374K, capacity 3539K, committed 3584K, reserved 1048576K
}

Deoptimization events (10 events):
Event: 24.501 Thread 0x0000000017528800 Uncommon trap: reason=unstable_if action=reinterpret pc=0x00000000024b603c method=java.util.HashMap.getNode(ILjava/lang/Object;)Ljava/util/HashMap$Node; @ 53
Event: 24.501 Thread 0x0000000017528800 Uncommon trap: reason=unstable_if action=reinterpret pc=0x0000000002378ab0 method=java.util.HashMap.hash(Ljava/lang/Object;)I @ 1
Event: 24.501 Thread 0x0000000017528800 Uncommon trap: reason=unstable_if action=reinterpret pc=0x000000000250c198 method=java.util.HashMap.putVal(ILjava/lang/Object;Ljava/lang/Object;ZZ)Ljava/lang/Object; @ 85
Event: 24.597 Thread 0x0000000017528800 Uncommon trap: reason=class_check action=maybe_recompile pc=0x00000000023bd5c0 method=java.lang.reflect.Method.equals(Ljava/lang/Object;)Z @ 5
Event: 24.610 Thread 0x0000000017528800 Uncommon trap: reason=class_check action=maybe_recompile pc=0x00000000023bd5c0 method=java.lang.reflect.Method.equals(Ljava/lang/Object;)Z @ 5
Event: 24.745 Thread 0x0000000017528800 Uncommon trap: reason=unstable_if action=reinterpret pc=0x0000000002331ef0 method=java.util.LinkedHashMap.afterNodeInsertion(Z)V @ 1
Event: 24.766 Thread 0x0000000017528800 Uncommon trap: reason=class_check action=maybe_recompile pc=0x00000000023bd5c0 method=java.lang.reflect.Method.equals(Ljava/lang/Object;)Z @ 5
Event: 24.766 Thread 0x0000000017528800 Uncommon trap: reason=class_check action=maybe_recompile pc=0x00000000023bd5c0 method=java.lang.reflect.Method.equals(Ljava/lang/Object;)Z @ 5
Event: 24.983 Thread 0x0000000017528800 Uncommon trap: reason=unstable_if action=reinterpret pc=0x000000000231c20c method=java.io.WinNTFileSystem.resolve(Ljava/lang/String;Ljava/lang/String;)Ljava/lang/String; @ 49
Event: 25.193 Thread 0x0000000017528800 Uncommon trap: reason=unstable_if action=reinterpret pc=0x0000000002892880 method=org.objectweb.asm.Item.isEqualTo(Lorg/objectweb/asm/Item;)Z @ 345

Classes redefined (0 events):
No events

Internal exceptions (10 events):
Event: 25.052 Thread 0x0000000017528800 Exception <a 'java/lang/ClassNotFoundException': org/gradle/api/internal/artifacts/dsl/DefaultRepositoryHandlerCustomizer> (0x00000000eb018d38) thrown at [D:\src\AOSP-openjdk-cygwin\jdk8u\hotspot\src\share\vm\classfile\systemDictionary.cpp, line 210]
Event: 25.055 Thread 0x0000000017528800 Exception <a 'java/lang/ClassNotFoundException': org/gradle/api/internal/artifacts/dsl/DefaultRepositoryHandler_DecoratedCustomizer> (0x00000000eb0646a8) thrown at [D:\src\AOSP-openjdk-cygwin\jdk8u\hotspot\src\share\vm\classfile\systemDictionary.cpp, line
Event: 25.115 Thread 0x0000000017528800 Exception <a 'java/lang/ClassNotFoundException': org/gradle/api/internal/artifacts/repositories/DefaultMavenArtifactRepository_DecoratedBeanInfo> (0x00000000eb31af58) thrown at [D:\src\AOSP-openjdk-cygwin\jdk8u\hotspot\src\share\vm\classfile\systemDiction
Event: 25.116 Thread 0x0000000017528800 Exception <a 'java/lang/ClassNotFoundException': org/gradle/api/internal/artifacts/repositories/DefaultMavenArtifactRepositoryBeanInfo> (0x00000000eb34a998) thrown at [D:\src\AOSP-openjdk-cygwin\jdk8u\hotspot\src\share\vm\classfile\systemDictionary.cpp, l
Event: 25.117 Thread 0x0000000017528800 Exception <a 'java/lang/ClassNotFoundException': org/gradle/api/internal/artifacts/repositories/AbstractAuthenticationSupportedRepositoryBeanInfo> (0x00000000eb37e470) thrown at [D:\src\AOSP-openjdk-cygwin\jdk8u\hotspot\src\share\vm\classfile\systemDictio
Event: 25.117 Thread 0x0000000017528800 Exception <a 'java/lang/ClassNotFoundException': org/gradle/api/internal/artifacts/repositories/AbstractArtifactRepositoryBeanInfo> (0x00000000eb3ac628) thrown at [D:\src\AOSP-openjdk-cygwin\jdk8u\hotspot\src\share\vm\classfile\systemDictionary.cpp, line 
Event: 25.118 Thread 0x0000000017528800 Exception <a 'java/lang/ClassNotFoundException': org/gradle/api/internal/artifacts/repositories/AbstractArtifactRepositoryCustomizer> (0x00000000eb3dbc08) thrown at [D:\src\AOSP-openjdk-cygwin\jdk8u\hotspot\src\share\vm\classfile\systemDictionary.cpp, lin
Event: 25.119 Thread 0x0000000017528800 Exception <a 'java/lang/ClassNotFoundException': org/gradle/api/internal/artifacts/repositories/AbstractAuthenticationSupportedRepositoryCustomizer> (0x00000000eb415938) thrown at [D:\src\AOSP-openjdk-cygwin\jdk8u\hotspot\src\share\vm\classfile\systemDict
Event: 25.122 Thread 0x0000000017528800 Exception <a 'java/lang/ClassNotFoundException': org/gradle/api/internal/artifacts/repositories/DefaultMavenArtifactRepositoryCustomizer> (0x00000000eb457240) thrown at [D:\src\AOSP-openjdk-cygwin\jdk8u\hotspot\src\share\vm\classfile\systemDictionary.cpp,
Event: 25.124 Thread 0x0000000017528800 Exception <a 'java/lang/ClassNotFoundException': org/gradle/api/internal/artifacts/repositories/DefaultMavenArtifactRepository_DecoratedCustomizer> (0x00000000eb49df20) thrown at [D:\src\AOSP-openjdk-cygwin\jdk8u\hotspot\src\share\vm\classfile\systemDicti

Events (10 events):
Event: 25.203 loading class org/gradle/plugins/ide/internal/tooling/GradleBuildBuilder
Event: 25.203 loading class org/gradle/plugins/ide/internal/tooling/GradleBuildBuilder done
Event: 25.205 loading class org/gradle/tooling/internal/gradle/PartialBasicGradleProject
Event: 25.205 loading class org/gradle/tooling/internal/gradle/PartialBasicGradleProject done
Event: 25.206 loading class org/gradle/tooling/internal/gradle/BasicGradleProject
Event: 25.206 loading class org/gradle/tooling/internal/gradle/BasicGradleProject done
Event: 25.206 loading class org/gradle/plugins/ide/internal/tooling/BasicIdeaModelBuilder
Event: 25.206 loading class org/gradle/plugins/ide/internal/tooling/BasicIdeaModelBuilder done
Event: 25.207 loading class org/gradle/plugins/ide/internal/tooling/BuildInvocationsBuilder
Event: 25.207 loading class org/gradle/plugins/ide/internal/tooling/BuildInvocationsBuilder done


Dynamic libraries:
0x00007ff67b9b0000 - 0x00007ff67b9e1000 	C:\Program Files\Android\Android Studio\jre\bin\java.exe
0x00007ffc916e0000 - 0x00007ffc9188d000 	C:\Windows\SYSTEM32\ntdll.dll
0x00007ffc8eeb0000 - 0x00007ffc8efee000 	C:\Windows\system32\KERNEL32.DLL
0x00007ffc8eb70000 - 0x00007ffc8ec86000 	C:\Windows\system32\KERNELBASE.dll
0x00007ffc8f6a0000 - 0x00007ffc8f74a000 	C:\Windows\system32\ADVAPI32.dll
0x00007ffc8f760000 - 0x00007ffc8f8d7000 	C:\Windows\system32\USER32.dll
0x00007ffc8c730000 - 0x00007ffc8c9ab000 	C:\Windows\WinSxS\amd64_microsoft.windows.common-controls_6595b64144ccf1df_6.0.9600.18006_none_623f33d3ecbe86e8\COMCTL32.dll
0x00007ffc8f9b0000 - 0x00007ffc8fa5a000 	C:\Windows\system32\msvcrt.dll
0x00007ffc8eff0000 - 0x00007ffc8f049000 	C:\Windows\SYSTEM32\sechost.dll
0x00007ffc8ed70000 - 0x00007ffc8eeb0000 	C:\Windows\system32\RPCRT4.dll
0x00007ffc914f0000 - 0x00007ffc9163b000 	C:\Windows\system32\GDI32.dll
0x00007ffc8ec90000 - 0x00007ffc8ecbe000 	C:\Windows\system32\SspiCli.dll
0x00007ffc91640000 - 0x00007ffc91676000 	C:\Windows\system32\IMM32.DLL
0x00007ffc8fd00000 - 0x00007ffc8fe51000 	C:\Windows\system32\MSCTF.dll
0x000000006e9c0000 - 0x000000006ea92000 	C:\Program Files\Android\Android Studio\jre\jre\bin\msvcr100.dll
0x000000006ed30000 - 0x000000006f56e000 	C:\Program Files\Android\Android Studio\jre\jre\bin\server\jvm.dll
0x00007ffc80b70000 - 0x00007ffc80b79000 	C:\Windows\SYSTEM32\WSOCK32.dll
0x00007ffc85ba0000 - 0x00007ffc85bc2000 	C:\Windows\SYSTEM32\WINMM.dll
0x00007ffc8be10000 - 0x00007ffc8be1a000 	C:\Windows\SYSTEM32\VERSION.dll
0x00007ffc8f750000 - 0x00007ffc8f757000 	C:\Windows\system32\PSAPI.DLL
0x00007ffc91420000 - 0x00007ffc9147a000 	C:\Windows\system32\WS2_32.dll
0x00007ffc81e50000 - 0x00007ffc81e7a000 	C:\Windows\SYSTEM32\WINMMBASE.dll
0x00007ffc8f690000 - 0x00007ffc8f699000 	C:\Windows\system32\NSI.dll
0x00007ffc8ecc0000 - 0x00007ffc8ed0f000 	C:\Windows\SYSTEM32\cfgmgr32.dll
0x00007ffc8d610000 - 0x00007ffc8d638000 	C:\Windows\SYSTEM32\DEVOBJ.dll
0x00007ffc8cb20000 - 0x00007ffc8cb2f000 	C:\Program Files\Android\Android Studio\jre\jre\bin\verify.dll
0x00007ffc8b300000 - 0x00007ffc8b329000 	C:\Program Files\Android\Android Studio\jre\jre\bin\java.dll
0x00007ffc8cad0000 - 0x00007ffc8cae6000 	C:\Program Files\Android\Android Studio\jre\jre\bin\zip.dll
0x00007ffc8fe60000 - 0x00007ffc9138c000 	C:\Windows\system32\SHELL32.dll
0x00007ffc8f2d0000 - 0x00007ffc8f4e2000 	C:\Windows\SYSTEM32\combase.dll
0x00007ffc91680000 - 0x00007ffc916d4000 	C:\Windows\system32\SHLWAPI.dll
0x00007ffc8d020000 - 0x00007ffc8d0d2000 	C:\Windows\SYSTEM32\SHCORE.dll
0x00007ffc8e810000 - 0x00007ffc8e825000 	C:\Windows\SYSTEM32\profapi.dll
0x00007ffc8ca00000 - 0x00007ffc8ca1a000 	C:\Program Files\Android\Android Studio\jre\jre\bin\net.dll
0x00007ffc8dfd0000 - 0x00007ffc8e029000 	C:\Windows\system32\mswsock.dll
0x00007ffc8c9b0000 - 0x00007ffc8c9c1000 	C:\Program Files\Android\Android Studio\jre\jre\bin\nio.dll
0x00007ffc8c9e0000 - 0x00007ffc8c9fe000 	C:\Users\cristhianalejandro\.gradle\native\25\windows-amd64\native-platform.dll
0x00007ffc8b820000 - 0x00007ffc8b82d000 	C:\Program Files\Android\Android Studio\jre\jre\bin\management.dll
0x00007ffc8e1a0000 - 0x00007ffc8e1c0000 	C:\Windows\SYSTEM32\CRYPTSP.dll
0x00007ffc8db80000 - 0x00007ffc8dbb6000 	C:\Windows\system32\rsaenh.dll
0x00007ffc8e2f0000 - 0x00007ffc8e316000 	C:\Windows\SYSTEM32\bcrypt.dll
0x00007ffc8e170000 - 0x00007ffc8e191000 	C:\Windows\SYSTEM32\USERENV.dll
0x00007ffc8e610000 - 0x00007ffc8e673000 	C:\Windows\system32\bcryptprimitives.dll
0x00007ffc8e780000 - 0x00007ffc8e78b000 	C:\Windows\SYSTEM32\CRYPTBASE.dll
0x00007ffc8b200000 - 0x00007ffc8b22a000 	C:\Windows\SYSTEM32\IPHLPAPI.DLL
0x00007ffc89680000 - 0x00007ffc8968a000 	C:\Windows\SYSTEM32\WINNSI.DLL
0x00007ffc87de0000 - 0x00007ffc87df6000 	C:\Windows\SYSTEM32\dhcpcsvc6.DLL
0x00007ffc87d80000 - 0x00007ffc87d9a000 	C:\Windows\SYSTEM32\dhcpcsvc.DLL

VM Arguments:
jvm_args: -XX:+HeapDumpOnOutOfMemoryError -Xmx1024m -Dfile.encoding=windows-1252 -Duser.country=419 -Duser.language=es -Duser.variant 
java_command: org.gradle.launcher.daemon.bootstrap.GradleDaemon 4.1
java_class_path (initial): C:\Users\cristhianalejandro\.gradle\wrapper\dists\gradle-4.1-all\bzyivzo6n839fup2jbap0tjew\gradle-4.1\lib\gradle-launcher-4.1.jar
Launcher Type: SUN_STANDARD

Environment Variables:
PATH=C:\ProgramData\Oracle\Java\javapath;C:\Program Files (x86)\NVIDIA Corporation\PhysX\Common;C:\Windows\system32;C:\Windows;C:\Windows\System32\Wbem;C:\Windows\System32\WindowsPowerShell\v1.0\;C:\Program Files (x86)\Brackets\command;C:\Program Files (x86)\Skype\Phone\;c:\Program Files (x86)\Microsoft SQL Server\110\Tools\Binn\;c:\Program Files (x86)\Microsoft SQL Server\110\DTS\Binn\;C:\Program Files (x86)\Microsoft SQL Server\Client SDK\ODBC\130\Tools\Binn\;C:\Program Files (x86)\Microsoft SQL Server\140\Tools\Binn\;C:\Program Files (x86)\Microsoft SQL Server\140\DTS\Binn\;C:\Program Files (x86)\Microsoft SQL Server\140\Tools\Binn\ManagementStudio\;C:\Program Files\Microsoft SQL Server\130\Tools\Binn\;C:\Program Files (x86)\Microsoft SQL Server\120\DTS\Binn\;C:\Program Files (x86)\Microsoft SQL Server\130\DTS\Binn\;C:\Program Files\Git\cmd
USERNAME=cristhianalejandro
OS=Windows_NT
PROCESSOR_IDENTIFIER=Intel64 Family 6 Model 58 Stepping 9, GenuineIntel



---------------  S Y S T E M  ---------------

OS: Windows 8.1 , 64 bit Build 9600 (6.3.9600.17415)

CPU:total 4 (initial active 4) (2 cores per cpu, 2 threads per core) family 6 model 58 stepping 9, cmov, cx8, fxsr, mmx, sse, sse2, sse3, ssse3, sse4.1, sse4.2, popcnt, avx, clmul, erms, ht, tsc, tscinvbit, tscinv

Memory: 4k page, physical 6232024k(146688k free), swap 6232024k(5128k free)

vm_info: OpenJDK 64-Bit Server VM (25.152-b01) for windows-amd64 JRE (1.8.0_152-release-915-b01), built by "builder" with MS VC++ 10.0 (VS2010)

time: Wed May 30 19:35:07 2018
elapsed time: 25 seconds (0d 0h 0m 25s)

