#
# There is insufficient memory for the Java Runtime Environment to continue.
# Native memory allocation (malloc) failed to allocate 1368656 bytes for Chunk::new
# Possible reasons:
#   The system is out of physical RAM or swap space
#   In 32 bit mode, the process size limit was hit
# Possible solutions:
#   Reduce memory load on the system
#   Increase physical memory or swap space
#   Check if swap backing store is full
#   Use 64 bit Java on a 64 bit OS
#   Decrease Java heap size (-Xmx/-Xms)
#   Decrease number of Java threads
#   Decrease Java thread stack sizes (-Xss)
#   Set larger code cache with -XX:ReservedCodeCacheSize=
# This output file may be truncated or incomplete.
#
#  Out of Memory Error (allocation.cpp:390), pid=7100, tid=0x0000000000001628
#
# JRE version: OpenJDK Runtime Environment (8.0_152-b01) (build 1.8.0_152-release-915-b01)
# Java VM: OpenJDK 64-Bit Server VM (25.152-b01 mixed mode windows-amd64 compressed oops)
# Failed to write core dump. Minidumps are not enabled by default on client versions of Windows
#

---------------  T H R E A D  ---------------

Current thread (0x00000000144ca000):  JavaThread "C2 CompilerThread0" daemon [_thread_in_native, id=5672, stack(0x0000000015b50000,0x0000000015c50000)]

Stack: [0x0000000015b50000,0x0000000015c50000]
[error occurred during error reporting (printing stack bounds), id 0xc0000005]

Native frames: (J=compiled Java code, j=interpreted, Vv=VM code, C=native code)


Current CompileTask:
C2:   2786 1324       4       java.net.URLClassLoader$1::run (5 bytes)


---------------  P R O C E S S  ---------------

Java Threads: ( => current thread )
  0x0000000017eef000 JavaThread "Cache worker for file hash cache (C:\Users\cristhianalejandro\Desktop\poo-en-android\.gradle\4.1\fileHashes)" [_thread_blocked, id=960, stack(0x000000001a000000,0x000000001a100000)]
  0x0000000017aab000 JavaThread "File lock request listener" [_thread_in_native, id=7788, stack(0x0000000019d00000,0x0000000019e00000)]
  0x0000000017ab5800 JavaThread "Cache worker for file hash cache (C:\Users\cristhianalejandro\.gradle\caches\4.1\fileHashes)" [_thread_blocked, id=1852, stack(0x0000000019c00000,0x0000000019d00000)]
  0x00000000173ee000 JavaThread "Stdin handler" [_thread_blocked, id=7344, stack(0x0000000019b00000,0x0000000019c00000)]
  0x00000000173ed000 JavaThread "Asynchronous log dispatcher for DefaultDaemonConnection: socket connection from /127.0.0.1:59272 to /127.0.0.1:59273" [_thread_blocked, id=5516, stack(0x0000000019a00000,0x0000000019b00000)]
  0x00000000172e0000 JavaThread "Daemon worker" [_thread_in_native, id=2068, stack(0x0000000019900000,0x0000000019a00000)]
  0x00000000173f3800 JavaThread "Cancel handler" [_thread_blocked, id=5092, stack(0x0000000019800000,0x0000000019900000)]
  0x0000000017a09800 JavaThread "Handler for socket connection from /127.0.0.1:59272 to /127.0.0.1:59273" [_thread_in_native, id=6660, stack(0x0000000019500000,0x0000000019600000)]
  0x0000000017403800 JavaThread "Daemon" [_thread_blocked, id=6160, stack(0x0000000019400000,0x0000000019500000)]
  0x000000001715a000 JavaThread "Daemon periodic checks" [_thread_blocked, id=8060, stack(0x0000000019300000,0x0000000019400000)]
  0x0000000017159800 JavaThread "Incoming local TCP Connector on port 59272" [_thread_in_native, id=6560, stack(0x0000000017c20000,0x0000000017d20000)]
  0x0000000015e70800 JavaThread "Service Thread" daemon [_thread_blocked, id=5532, stack(0x0000000016250000,0x0000000016350000)]
  0x00000000144d9800 JavaThread "C1 CompilerThread2" daemon [_thread_blocked, id=4416, stack(0x0000000015d50000,0x0000000015e50000)]
  0x00000000144cc800 JavaThread "C2 CompilerThread1" daemon [_thread_blocked, id=1148, stack(0x0000000015c50000,0x0000000015d50000)]
=>0x00000000144ca000 JavaThread "C2 CompilerThread0" daemon [_thread_in_native, id=5672, stack(0x0000000015b50000,0x0000000015c50000)]
  0x00000000144d6800 JavaThread "Attach Listener" daemon [_thread_blocked, id=4964, stack(0x0000000015a50000,0x0000000015b50000)]
  0x00000000144d5800 JavaThread "Signal Dispatcher" daemon [_thread_blocked, id=4440, stack(0x0000000015950000,0x0000000015a50000)]
  0x0000000001dfc800 JavaThread "Finalizer" daemon [_thread_blocked, id=5436, stack(0x0000000015750000,0x0000000015850000)]
  0x0000000001df1800 JavaThread "Reference Handler" daemon [_thread_blocked, id=6040, stack(0x0000000015650000,0x0000000015750000)]
  0x000000000059e800 JavaThread "main" [_thread_blocked, id=5088, stack(0x0000000000470000,0x0000000000570000)]

Other Threads:
  0x0000000014494800 VMThread [stack: 0x0000000015550000,0x0000000015650000] [id=2984]
  0x000000001452c000 WatcherThread [stack: 0x0000000016350000,0x0000000016450000] [id=5708]

VM state:not at safepoint (normal execution)

VM Mutex/Monitor currently owned by a thread: None

Heap:
 PSYoungGen      total 28672K, used 26972K [0x00000000eab00000, 0x00000000ee300000, 0x0000000100000000)
  eden space 24576K, 93% used [0x00000000eab00000,0x00000000ec15b580,0x00000000ec300000)
  from space 4096K, 99% used [0x00000000ec300000,0x00000000ec6fbd40,0x00000000ec700000)
  to   space 4096K, 0% used [0x00000000edf00000,0x00000000edf00000,0x00000000ee300000)
 ParOldGen       total 65536K, used 1809K [0x00000000c0000000, 0x00000000c4000000, 0x00000000eab00000)
  object space 65536K, 2% used [0x00000000c0000000,0x00000000c01c4670,0x00000000c4000000)
 Metaspace       used 15096K, capacity 15418K, committed 15616K, reserved 1062912K
  class space    used 2131K, capacity 2252K, committed 2304K, reserved 1048576K

Card table byte_map: [0x00000000111c0000,0x00000000113d0000] byte_map_base: 0x0000000010bc0000

Marking Bits: (ParMarkBitMap*) 0x000000006f4f3950
 Begin Bits: [0x0000000011930000, 0x0000000012930000)
 End Bits:   [0x0000000012930000, 0x0000000013930000)

Polling page: 0x0000000000330000

CodeCache: size=245760Kb used=4948Kb max_used=4948Kb free=240811Kb
 bounds [0x0000000001e00000, 0x00000000022e0000, 0x0000000010e00000]
 total_blobs=1818 nmethods=1448 adapters=283
 compilation: enabled

Compilation events (10 events):
Event: 2.770 Thread 0x00000000144d9800 1446       1       sun.misc.ProxyGenerator::access$800 (5 bytes)
Event: 2.770 Thread 0x00000000144d9800 nmethod 1446 0x00000000022d4710 code [0x00000000022d4860, 0x00000000022d4950]
Event: 2.770 Thread 0x00000000144d9800 1447       3       java.lang.reflect.Constructor::setConstructorAccessor (21 bytes)
Event: 2.771 Thread 0x00000000144d9800 nmethod 1447 0x00000000022d40d0 code [0x00000000022d4240, 0x00000000022d45e8]
Event: 2.771 Thread 0x00000000144d9800 1449       3       java.io.ByteArrayOutputStream::<init> (43 bytes)
Event: 2.772 Thread 0x00000000144d9800 nmethod 1449 0x00000000022d2d50 code [0x00000000022d2f40, 0x00000000022d38b8]
Event: 2.772 Thread 0x00000000144d9800 1450       3       java.io.ByteArrayOutputStream::<init> (7 bytes)
Event: 2.772 Thread 0x00000000144d9800 nmethod 1450 0x00000000022d29d0 code [0x00000000022d2b40, 0x00000000022d2cc8]
Event: 2.772 Thread 0x00000000144d9800 1451       3       sun.misc.ProxyGenerator::access$700 (7 bytes)
Event: 2.772 Thread 0x00000000144d9800 nmethod 1451 0x00000000022d2550 code [0x00000000022d26c0, 0x00000000022d28a8]

GC Heap History (6 events):
Event: 0.751 GC heap before
{Heap before GC invocations=1 (full 0):
 PSYoungGen      total 28672K, used 24576K [0x00000000eab00000, 0x00000000ecb00000, 0x0000000100000000)
  eden space 24576K, 100% used [0x00000000eab00000,0x00000000ec300000,0x00000000ec300000)
  from space 4096K, 0% used [0x00000000ec700000,0x00000000ec700000,0x00000000ecb00000)
  to   space 4096K, 0% used [0x00000000ec300000,0x00000000ec300000,0x00000000ec700000)
 ParOldGen       total 65536K, used 0K [0x00000000c0000000, 0x00000000c4000000, 0x00000000eab00000)
  object space 65536K, 0% used [0x00000000c0000000,0x00000000c0000000,0x00000000c4000000)
 Metaspace       used 6767K, capacity 6932K, committed 7168K, reserved 1056768K
  class space    used 829K, capacity 909K, committed 1024K, reserved 1048576K
Event: 0.758 GC heap after
Heap after GC invocations=1 (full 0):
 PSYoungGen      total 28672K, used 3829K [0x00000000eab00000, 0x00000000ecb00000, 0x0000000100000000)
  eden space 24576K, 0% used [0x00000000eab00000,0x00000000eab00000,0x00000000ec300000)
  from space 4096K, 93% used [0x00000000ec300000,0x00000000ec6bd5b0,0x00000000ec700000)
  to   space 4096K, 0% used [0x00000000ec700000,0x00000000ec700000,0x00000000ecb00000)
 ParOldGen       total 65536K, used 8K [0x00000000c0000000, 0x00000000c4000000, 0x00000000eab00000)
  object space 65536K, 0% used [0x00000000c0000000,0x00000000c0002000,0x00000000c4000000)
 Metaspace       used 6767K, capacity 6932K, committed 7168K, reserved 1056768K
  class space    used 829K, capacity 909K, committed 1024K, reserved 1048576K
}
Event: 1.136 GC heap before
{Heap before GC invocations=2 (full 0):
 PSYoungGen      total 28672K, used 28405K [0x00000000eab00000, 0x00000000ecb00000, 0x0000000100000000)
  eden space 24576K, 100% used [0x00000000eab00000,0x00000000ec300000,0x00000000ec300000)
  from space 4096K, 93% used [0x00000000ec300000,0x00000000ec6bd5b0,0x00000000ec700000)
  to   space 4096K, 0% used [0x00000000ec700000,0x00000000ec700000,0x00000000ecb00000)
 ParOldGen       total 65536K, used 8K [0x00000000c0000000, 0x00000000c4000000, 0x00000000eab00000)
  object space 65536K, 0% used [0x00000000c0000000,0x00000000c0002000,0x00000000c4000000)
 Metaspace       used 8261K, capacity 8472K, committed 8576K, reserved 1056768K
  class space    used 1051K, capacity 1143K, committed 1152K, reserved 1048576K
Event: 1.143 GC heap after
Heap after GC invocations=2 (full 0):
 PSYoungGen      total 28672K, used 3532K [0x00000000eab00000, 0x00000000ee300000, 0x0000000100000000)
  eden space 24576K, 0% used [0x00000000eab00000,0x00000000eab00000,0x00000000ec300000)
  from space 4096K, 86% used [0x00000000ec700000,0x00000000eca732c0,0x00000000ecb00000)
  to   space 4096K, 0% used [0x00000000ec300000,0x00000000ec300000,0x00000000ec700000)
 ParOldGen       total 65536K, used 16K [0x00000000c0000000, 0x00000000c4000000, 0x00000000eab00000)
  object space 65536K, 0% used [0x00000000c0000000,0x00000000c0004000,0x00000000c4000000)
 Metaspace       used 8261K, capacity 8472K, committed 8576K, reserved 1056768K
  class space    used 1051K, capacity 1143K, committed 1152K, reserved 1048576K
}
Event: 2.410 GC heap before
{Heap before GC invocations=3 (full 0):
 PSYoungGen      total 28672K, used 28108K [0x00000000eab00000, 0x00000000ee300000, 0x0000000100000000)
  eden space 24576K, 100% used [0x00000000eab00000,0x00000000ec300000,0x00000000ec300000)
  from space 4096K, 86% used [0x00000000ec700000,0x00000000eca732c0,0x00000000ecb00000)
  to   space 4096K, 0% used [0x00000000ec300000,0x00000000ec300000,0x00000000ec700000)
 ParOldGen       total 65536K, used 16K [0x00000000c0000000, 0x00000000c4000000, 0x00000000eab00000)
  object space 65536K, 0% used [0x00000000c0000000,0x00000000c0004000,0x00000000c4000000)
 Metaspace       used 12755K, capacity 13078K, committed 13184K, reserved 1060864K
  class space    used 1741K, capacity 1898K, committed 1920K, reserved 1048576K
Event: 2.417 GC heap after
Heap after GC invocations=3 (full 0):
 PSYoungGen      total 28672K, used 4079K [0x00000000eab00000, 0x00000000ee300000, 0x0000000100000000)
  eden space 24576K, 0% used [0x00000000eab00000,0x00000000eab00000,0x00000000ec300000)
  from space 4096K, 99% used [0x00000000ec300000,0x00000000ec6fbd40,0x00000000ec700000)
  to   space 4096K, 0% used [0x00000000edf00000,0x00000000edf00000,0x00000000ee300000)
 ParOldGen       total 65536K, used 1809K [0x00000000c0000000, 0x00000000c4000000, 0x00000000eab00000)
  object space 65536K, 2% used [0x00000000c0000000,0x00000000c01c4670,0x00000000c4000000)
 Metaspace       used 12755K, capacity 13078K, committed 13184K, reserved 1060864K
  class space    used 1741K, capacity 1898K, committed 1920K, reserved 1048576K
}

Deoptimization events (10 events):
Event: 1.062 Thread 0x000000000059e800 Uncommon trap: reason=class_check action=maybe_recompile pc=0x000000000206a4f4 method=java.util.HashMap.putVal(ILjava/lang/Object;Ljava/lang/Object;ZZ)Ljava/lang/Object; @ 91
Event: 1.241 Thread 0x000000000059e800 Uncommon trap: reason=bimorphic action=maybe_recompile pc=0x000000000210d6ac method=java.util.HashMap.putVal(ILjava/lang/Object;Ljava/lang/Object;ZZ)Ljava/lang/Object; @ 203
Event: 1.458 Thread 0x000000000059e800 Uncommon trap: reason=unstable_if action=reinterpret pc=0x000000000216970c method=java.io.WinNTFileSystem.normalize(Ljava/lang/String;)Ljava/lang/String; @ 128
Event: 1.458 Thread 0x000000000059e800 Uncommon trap: reason=unstable_if action=reinterpret pc=0x00000000020f58cc method=java.io.WinNTFileSystem.normalize(Ljava/lang/String;II)Ljava/lang/String; @ 90
Event: 2.305 Thread 0x00000000172e0000 Uncommon trap: reason=bimorphic action=maybe_recompile pc=0x000000000210d00c method=java.util.HashMap.putVal(ILjava/lang/Object;Ljava/lang/Object;ZZ)Ljava/lang/Object; @ 253
Event: 2.305 Thread 0x00000000172e0000 Uncommon trap: reason=bimorphic action=maybe_recompile pc=0x000000000210d00c method=java.util.HashMap.putVal(ILjava/lang/Object;Ljava/lang/Object;ZZ)Ljava/lang/Object; @ 253
Event: 2.305 Thread 0x00000000172e0000 Uncommon trap: reason=bimorphic action=maybe_recompile pc=0x000000000210d00c method=java.util.HashMap.putVal(ILjava/lang/Object;Ljava/lang/Object;ZZ)Ljava/lang/Object; @ 253
Event: 2.538 Thread 0x00000000172e0000 Uncommon trap: reason=class_check action=maybe_recompile pc=0x000000000205d31c method=java.util.regex.Matcher.match(II)Z @ 86
Event: 2.539 Thread 0x00000000172e0000 Uncommon trap: reason=class_check action=maybe_recompile pc=0x000000000205d31c method=java.util.regex.Matcher.match(II)Z @ 86
Event: 2.619 Thread 0x00000000172e0000 Uncommon trap: reason=unstable_if action=reinterpret pc=0x0000000002267b34 method=java.lang.String.lastIndexOf([CII[CIII)I @ 66

Classes redefined (0 events):
No events

Internal exceptions (10 events):
Event: 2.237 Thread 0x0000000017a09800 Exception <a 'java/lang/NoSuchMethodError': <clinit>> (0x00000000eb6ca310) thrown at [D:\src\AOSP-openjdk-cygwin\jdk8u\hotspot\src\share\vm\prims\jni.cpp, line 1613]
Event: 2.239 Thread 0x0000000017a09800 Exception <a 'java/lang/NoSuchMethodError': <clinit>> (0x00000000eb6e1f38) thrown at [D:\src\AOSP-openjdk-cygwin\jdk8u\hotspot\src\share\vm\prims\jni.cpp, line 1613]
Event: 2.240 Thread 0x0000000017a09800 Exception <a 'java/lang/NoSuchMethodError': <clinit>> (0x00000000eb6eaa00) thrown at [D:\src\AOSP-openjdk-cygwin\jdk8u\hotspot\src\share\vm\prims\jni.cpp, line 1613]
Event: 2.242 Thread 0x0000000017a09800 Exception <a 'java/lang/NoSuchMethodError': <clinit>> (0x00000000eb6fc128) thrown at [D:\src\AOSP-openjdk-cygwin\jdk8u\hotspot\src\share\vm\prims\jni.cpp, line 1613]
Event: 2.262 Thread 0x0000000017a09800 Exception <a 'java/lang/NoSuchMethodError': <clinit>> (0x00000000eb779b58) thrown at [D:\src\AOSP-openjdk-cygwin\jdk8u\hotspot\src\share\vm\prims\jni.cpp, line 1613]
Event: 2.266 Thread 0x0000000017a09800 Exception <a 'java/lang/NoSuchMethodError': <clinit>> (0x00000000eb7a2fe0) thrown at [D:\src\AOSP-openjdk-cygwin\jdk8u\hotspot\src\share\vm\prims\jni.cpp, line 1613]
Event: 2.267 Thread 0x0000000017a09800 Exception <a 'java/lang/NoSuchMethodError': <clinit>> (0x00000000eb7b0940) thrown at [D:\src\AOSP-openjdk-cygwin\jdk8u\hotspot\src\share\vm\prims\jni.cpp, line 1613]
Event: 2.270 Thread 0x0000000017a09800 Exception <a 'java/lang/NoSuchMethodError': <clinit>> (0x00000000eb7d38b8) thrown at [D:\src\AOSP-openjdk-cygwin\jdk8u\hotspot\src\share\vm\prims\jni.cpp, line 1613]
Event: 2.294 Thread 0x00000000172e0000 Exception <a 'java/lang/NoSuchMethodError': <clinit>> (0x00000000eb88d6f0) thrown at [D:\src\AOSP-openjdk-cygwin\jdk8u\hotspot\src\share\vm\prims\jni.cpp, line 1613]
Event: 2.295 Thread 0x00000000172e0000 Exception <a 'java/lang/NoSuchMethodError': <clinit>> (0x00000000eb895978) thrown at [D:\src\AOSP-openjdk-cygwin\jdk8u\hotspot\src\share\vm\prims\jni.cpp, line 1613]

Events (10 events):
Event: 2.781 loading class com/google/common/collect/LinkedHashMultimap$ValueSet
Event: 2.781 loading class com/google/common/collect/LinkedHashMultimap$ValueSet done
Event: 2.782 loading class com/google/common/collect/AbstractMapBasedMultimap$WrappedSet
Event: 2.782 loading class com/google/common/collect/AbstractMapBasedMultimap$WrappedSet done
Event: 2.783 loading class java/util/ConcurrentModificationException
Event: 2.783 loading class java/util/ConcurrentModificationException done
Event: 2.783 loading class com/google/common/collect/AbstractMapBasedMultimap$WrappedCollection$WrappedIterator
Event: 2.783 loading class com/google/common/collect/AbstractMapBasedMultimap$WrappedCollection$WrappedIterator done
Event: 2.784 loading class com/google/common/collect/LinkedHashMultimap$ValueSet$1
Event: 2.784 loading class com/google/common/collect/LinkedHashMultimap$ValueSet$1 done


Dynamic libraries:
0x00007ff67b9b0000 - 0x00007ff67b9e1000 	C:\Program Files\Android\Android Studio\jre\bin\java.exe
0x00007ffc916e0000 - 0x00007ffc9188d000 	C:\Windows\SYSTEM32\ntdll.dll
0x00007ffc8eeb0000 - 0x00007ffc8efee000 	C:\Windows\system32\KERNEL32.DLL
0x00007ffc8eb70000 - 0x00007ffc8ec86000 	C:\Windows\system32\KERNELBASE.dll
0x00007ffc8f6a0000 - 0x00007ffc8f74a000 	C:\Windows\system32\ADVAPI32.dll
0x00007ffc8f760000 - 0x00007ffc8f8d7000 	C:\Windows\system32\USER32.dll
0x00007ffc8c730000 - 0x00007ffc8c9ab000 	C:\Windows\WinSxS\amd64_microsoft.windows.common-controls_6595b64144ccf1df_6.0.9600.18006_none_623f33d3ecbe86e8\COMCTL32.dll
0x00007ffc8f9b0000 - 0x00007ffc8fa5a000 	C:\Windows\system32\msvcrt.dll
0x00007ffc8eff0000 - 0x00007ffc8f049000 	C:\Windows\SYSTEM32\sechost.dll
0x00007ffc8ed70000 - 0x00007ffc8eeb0000 	C:\Windows\system32\RPCRT4.dll
0x00007ffc914f0000 - 0x00007ffc9163b000 	C:\Windows\system32\GDI32.dll
0x00007ffc8ec90000 - 0x00007ffc8ecbe000 	C:\Windows\system32\SspiCli.dll
0x00007ffc91640000 - 0x00007ffc91676000 	C:\Windows\system32\IMM32.DLL
0x00007ffc8fd00000 - 0x00007ffc8fe51000 	C:\Windows\system32\MSCTF.dll
0x000000006e9c0000 - 0x000000006ea92000 	C:\Program Files\Android\Android Studio\jre\jre\bin\msvcr100.dll
0x000000006ed30000 - 0x000000006f56e000 	C:\Program Files\Android\Android Studio\jre\jre\bin\server\jvm.dll
0x00007ffc80b70000 - 0x00007ffc80b79000 	C:\Windows\SYSTEM32\WSOCK32.dll
0x00007ffc85ba0000 - 0x00007ffc85bc2000 	C:\Windows\SYSTEM32\WINMM.dll
0x00007ffc8be10000 - 0x00007ffc8be1a000 	C:\Windows\SYSTEM32\VERSION.dll
0x00007ffc8f750000 - 0x00007ffc8f757000 	C:\Windows\system32\PSAPI.DLL
0x00007ffc91420000 - 0x00007ffc9147a000 	C:\Windows\system32\WS2_32.dll
0x00007ffc81e50000 - 0x00007ffc81e7a000 	C:\Windows\SYSTEM32\WINMMBASE.dll
0x00007ffc8f690000 - 0x00007ffc8f699000 	C:\Windows\system32\NSI.dll
0x00007ffc8ecc0000 - 0x00007ffc8ed0f000 	C:\Windows\SYSTEM32\cfgmgr32.dll
0x00007ffc8d610000 - 0x00007ffc8d638000 	C:\Windows\SYSTEM32\DEVOBJ.dll
0x00007ffc8cb20000 - 0x00007ffc8cb2f000 	C:\Program Files\Android\Android Studio\jre\jre\bin\verify.dll
0x00007ffc8b300000 - 0x00007ffc8b329000 	C:\Program Files\Android\Android Studio\jre\jre\bin\java.dll
0x00007ffc8cad0000 - 0x00007ffc8cae6000 	C:\Program Files\Android\Android Studio\jre\jre\bin\zip.dll
0x00007ffc8fe60000 - 0x00007ffc9138c000 	C:\Windows\system32\SHELL32.dll
0x00007ffc8f2d0000 - 0x00007ffc8f4e2000 	C:\Windows\SYSTEM32\combase.dll
0x00007ffc91680000 - 0x00007ffc916d4000 	C:\Windows\system32\SHLWAPI.dll
0x00007ffc8d020000 - 0x00007ffc8d0d2000 	C:\Windows\SYSTEM32\SHCORE.dll
0x00007ffc8e810000 - 0x00007ffc8e825000 	C:\Windows\SYSTEM32\profapi.dll
0x00007ffc8ca00000 - 0x00007ffc8ca1a000 	C:\Program Files\Android\Android Studio\jre\jre\bin\net.dll
0x00007ffc8dfd0000 - 0x00007ffc8e029000 	C:\Windows\system32\mswsock.dll
0x00007ffc8c9b0000 - 0x00007ffc8c9c1000 	C:\Program Files\Android\Android Studio\jre\jre\bin\nio.dll
0x00007ffc8c9e0000 - 0x00007ffc8c9fe000 	C:\Users\cristhianalejandro\.gradle\native\25\windows-amd64\native-platform.dll
0x00007ffc8b820000 - 0x00007ffc8b82d000 	C:\Program Files\Android\Android Studio\jre\jre\bin\management.dll
0x00007ffc8e1a0000 - 0x00007ffc8e1c0000 	C:\Windows\SYSTEM32\CRYPTSP.dll
0x00007ffc8db80000 - 0x00007ffc8dbb6000 	C:\Windows\system32\rsaenh.dll
0x00007ffc8e2f0000 - 0x00007ffc8e316000 	C:\Windows\SYSTEM32\bcrypt.dll
0x00007ffc8e170000 - 0x00007ffc8e191000 	C:\Windows\SYSTEM32\USERENV.dll
0x00007ffc8e610000 - 0x00007ffc8e673000 	C:\Windows\system32\bcryptprimitives.dll
0x00007ffc8e780000 - 0x00007ffc8e78b000 	C:\Windows\SYSTEM32\CRYPTBASE.dll
0x00007ffc8b200000 - 0x00007ffc8b22a000 	C:\Windows\SYSTEM32\IPHLPAPI.DLL
0x00007ffc89680000 - 0x00007ffc8968a000 	C:\Windows\SYSTEM32\WINNSI.DLL
0x00007ffc87de0000 - 0x00007ffc87df6000 	C:\Windows\SYSTEM32\dhcpcsvc6.DLL
0x00007ffc87d80000 - 0x00007ffc87d9a000 	C:\Windows\SYSTEM32\dhcpcsvc.DLL

VM Arguments:
jvm_args: -XX:+HeapDumpOnOutOfMemoryError -Xmx1024m -Dfile.encoding=windows-1252 -Duser.country=419 -Duser.language=es -Duser.variant 
java_command: org.gradle.launcher.daemon.bootstrap.GradleDaemon 4.1
java_class_path (initial): C:\Users\cristhianalejandro\.gradle\wrapper\dists\gradle-4.1-all\bzyivzo6n839fup2jbap0tjew\gradle-4.1\lib\gradle-launcher-4.1.jar
Launcher Type: SUN_STANDARD

Environment Variables:
PATH=C:\ProgramData\Oracle\Java\javapath;C:\Program Files (x86)\NVIDIA Corporation\PhysX\Common;C:\Windows\system32;C:\Windows;C:\Windows\System32\Wbem;C:\Windows\System32\WindowsPowerShell\v1.0\;C:\Program Files (x86)\Brackets\command;C:\Program Files (x86)\Skype\Phone\;c:\Program Files (x86)\Microsoft SQL Server\110\Tools\Binn\;c:\Program Files (x86)\Microsoft SQL Server\110\DTS\Binn\;C:\Program Files (x86)\Microsoft SQL Server\Client SDK\ODBC\130\Tools\Binn\;C:\Program Files (x86)\Microsoft SQL Server\140\Tools\Binn\;C:\Program Files (x86)\Microsoft SQL Server\140\DTS\Binn\;C:\Program Files (x86)\Microsoft SQL Server\140\Tools\Binn\ManagementStudio\;C:\Program Files\Microsoft SQL Server\130\Tools\Binn\;C:\Program Files (x86)\Microsoft SQL Server\120\DTS\Binn\;C:\Program Files (x86)\Microsoft SQL Server\130\DTS\Binn\;C:\Program Files\Git\cmd
USERNAME=cristhianalejandro
OS=Windows_NT
PROCESSOR_IDENTIFIER=Intel64 Family 6 Model 58 Stepping 9, GenuineIntel



---------------  S Y S T E M  ---------------

OS: Windows 8.1 , 64 bit Build 9600 (6.3.9600.17415)

CPU:total 4 (initial active 4) (2 cores per cpu, 2 threads per core) family 6 model 58 stepping 9, cmov, cx8, fxsr, mmx, sse, sse2, sse3, ssse3, sse4.1, sse4.2, popcnt, avx, clmul, erms, ht, tsc, tscinvbit, tscinv

Memory: 4k page, physical 6232024k(201872k free), swap 6232024k(5604k free)

vm_info: OpenJDK 64-Bit Server VM (25.152-b01) for windows-amd64 JRE (1.8.0_152-release-915-b01), built by "builder" with MS VC++ 10.0 (VS2010)

time: Wed May 30 19:35:28 2018
elapsed time: 2 seconds (0d 0h 0m 2s)

